# interval i quantitat de subintervals: a=? b=? n=? 
# FLT_EPSILON = +1.1920928955E-07 

#           x double                       x0 float            err_abs      err_rel
 +4.000000000000000000e+00 +1.00000000e+00 +0.000000e+00 +0.000000e+00
 +4.003999999999999559e+00 +4.00400019e+00 +1.869202e-07 +4.668336e-08
 +4.008000000000000007e+00 +4.00799990e+00 -1.029968e-07 -2.569781e-08
 +4.011999999999999567e+00 +4.01200008e+00 +8.392334e-08 +2.091808e-08
 +4.016000000000000014e+00 +4.01599979e+00 -2.059937e-07 -5.129324e-08
 +4.019999999999999574e+00 +4.01999998e+00 -1.907349e-08 -4.744648e-09
 +4.024000000000000021e+00 +4.02400017e+00 +1.678467e-07 +4.171140e-08
 +4.027999999999999581e+00 +4.02799988e+00 -1.220703e-07 -3.030544e-08
 +4.032000000000000028e+00 +4.03200006e+00 +6.484985e-08 +1.608379e-08
 +4.035999999999999588e+00 +4.03599977e+00 -2.250671e-07 -5.576490e-08
 +4.040000000000000036e+00 +4.03999996e+00 -3.814697e-08 -9.442320e-09
 +4.043999999999999595e+00 +4.04400015e+00 +1.487732e-07 +3.678862e-08
 +4.048000000000000043e+00 +4.04799986e+00 -1.411438e-07 -3.486754e-08
 +4.051999999999999602e+00 +4.05200005e+00 +4.577637e-08 +1.129723e-08
 +4.056000000000000050e+00 +4.05600023e+00 +2.326965e-07 +5.737094e-08
 +4.059999999999999609e+00 +4.05999994e+00 -5.722046e-08 -1.409371e-08
 +4.064000000000000057e+00 +4.06400013e+00 +1.296997e-07 +3.191430e-08
 +4.067999999999999616e+00 +4.06799984e+00 -1.602173e-07 -3.938478e-08
 +4.072000000000000064e+00 +4.07200003e+00 +2.670288e-08 +6.557682e-09
 +4.075999999999999623e+00 +4.07600021e+00 +2.136230e-07 +5.240997e-08
 +4.080000000000000071e+00 +4.07999992e+00 -7.629395e-08 -1.869950e-08
 +4.083999999999999631e+00 +4.08400011e+00 +1.106262e-07 +2.708771e-08
 +4.088000000000000078e+00 +4.08799982e+00 -1.792908e-07 -4.385782e-08
 +4.091999999999999638e+00 +4.09200001e+00 +7.629395e-09 +1.864466e-09
 +4.096000000000000085e+00 +4.09600019e+00 +1.945496e-07 +4.749745e-08
 +4.099999999999999645e+00 +4.09999990e+00 -9.536743e-08 -2.326035e-08
 +4.104000000000000092e+00 +4.10400009e+00 +9.155273e-08 +2.230817e-08
 +4.107999999999999652e+00 +4.10799980e+00 -1.983643e-07 -4.828731e-08
 +4.112000000000000099e+00 +4.11199999e+00 -1.144409e-08 -2.783096e-09
 +4.115999999999999659e+00 +4.11600018e+00 +1.754761e-07 +4.263267e-08
 +4.120000000000000107e+00 +4.11999989e+00 -1.144409e-07 -2.777692e-08
 +4.123999999999999666e+00 +4.12400007e+00 +7.247925e-08 +1.757499e-08
 +4.128000000000000114e+00 +4.12799978e+00 -2.174377e-07 -5.267387e-08
 +4.131999999999999673e+00 +4.13199997e+00 -3.051758e-08 -7.385667e-09
 +4.136000000000000121e+00 +4.13600016e+00 +1.564026e-07 +3.781494e-08
 +4.139999999999999680e+00 +4.13999987e+00 -1.335144e-07 -3.224986e-08
 +4.144000000000000128e+00 +4.14400005e+00 +5.340576e-08 +1.288749e-08
 +4.147999999999999687e+00 +4.14799976e+00 -2.365112e-07 -5.701814e-08
 +4.152000000000000135e+00 +4.15199995e+00 -4.959106e-08 -1.194390e-08
 +4.155999999999999694e+00 +4.15600014e+00 +1.373291e-07 +3.304358e-08
 +4.160000000000000142e+00 +4.15999985e+00 -1.525879e-07 -3.667978e-08
 +4.163999999999999702e+00 +4.16400003e+00 +3.433228e-08 +8.245023e-09
 +4.168000000000000149e+00 +4.16800022e+00 +2.212524e-07 +5.308360e-08
 +4.171999999999999709e+00 +4.17199993e+00 -6.866455e-08 -1.645843e-08
 +4.176000000000000156e+00 +4.17600012e+00 +1.182556e-07 +2.831792e-08
 +4.179999999999999716e+00 +4.17999983e+00 -1.716614e-07 -4.106731e-08
 +4.184000000000000163e+00 +4.18400002e+00 +1.525879e-08 +3.646938e-09
 +4.187999999999999723e+00 +4.18800020e+00 +2.021790e-07 +4.827578e-08
 +4.192000000000000171e+00 +4.19199991e+00 -8.773804e-08 -2.092988e-08
 +4.195999999999999730e+00 +4.19600010e+00 +9.918213e-08 +2.363730e-08
 +4.200000000000000178e+00 +4.19999981e+00 -1.907349e-07 -4.541306e-08
 +4.203999999999999737e+00 +4.20400000e+00 -3.814697e-09 -9.073970e-10
 +4.208000000000000185e+00 +4.20800018e+00 +1.831055e-07 +4.351366e-08
 +4.211999999999999744e+00 +4.21199989e+00 -1.068115e-07 -2.535886e-08
 +4.216000000000000192e+00 +4.21600008e+00 +8.010864e-08 +1.900110e-08
 +4.219999999999999751e+00 +4.21999979e+00 -2.098083e-07 -4.971762e-08
 +4.224000000000000199e+00 +4.22399998e+00 -2.288818e-08 -5.418604e-09
 +4.227999999999999758e+00 +4.22800016e+00 +1.640320e-07 +3.879659e-08
 +4.232000000000000206e+00 +4.23199987e+00 -1.258850e-07 -2.974599e-08
 +4.235999999999999766e+00 +4.23600006e+00 +6.103516e-08 +1.440868e-08
 +4.240000000000000213e+00 +4.23999977e+00 -2.288818e-07 -5.398157e-08
 +4.243999999999999773e+00 +4.24399996e+00 -4.196167e-08 -9.887293e-09
 +4.248000000000000220e+00 +4.24800014e+00 +1.449585e-07 +3.412394e-08
 +4.251999999999999780e+00 +4.25199986e+00 -1.449585e-07 -3.409184e-08
 +4.256000000000000227e+00 +4.25600004e+00 +4.196167e-08 +9.859415e-09
 +4.259999999999999787e+00 +4.26000023e+00 +2.288818e-07 +5.372813e-08
 +4.264000000000000234e+00 +4.26399994e+00 -6.103516e-08 -1.431406e-08
 +4.267999999999999794e+00 +4.26800013e+00 +1.258850e-07 +2.949508e-08
 +4.272000000000000242e+00 +4.27199984e+00 -1.640320e-07 -3.839700e-08
 +4.275999999999999801e+00 +4.27600002e+00 +2.288818e-08 +5.352709e-09
 +4.280000000000000249e+00 +4.28000021e+00 +2.098083e-07 +4.902064e-08
 +4.283999999999999808e+00 +4.28399992e+00 -8.010864e-08 -1.869950e-08
 +4.288000000000000256e+00 +4.28800011e+00 +1.068115e-07 +2.490940e-08
 +4.291999999999999815e+00 +4.29199982e+00 -1.831055e-07 -4.266204e-08
 +4.296000000000000263e+00 +4.29600000e+00 +3.814697e-09 +8.879649e-10
 +4.299999999999999822e+00 +4.30000019e+00 +1.907349e-07 +4.435694e-08
 +4.304000000000000270e+00 +4.30399990e+00 -9.918213e-08 -2.304417e-08
 +4.307999999999999829e+00 +4.30800009e+00 +8.773804e-08 +2.036630e-08
 +4.312000000000000277e+00 +4.31199980e+00 -2.021790e-07 -4.688751e-08
 +4.315999999999999837e+00 +4.31599998e+00 -1.525879e-08 -3.535401e-09
 +4.320000000000000284e+00 +4.32000017e+00 +1.716614e-07 +3.973643e-08
 +4.323999999999999844e+00 +4.32399988e+00 -1.182556e-07 -2.734866e-08
 +4.328000000000000291e+00 +4.32800007e+00 +6.866455e-08 +1.586519e-08
 +4.331999999999999851e+00 +4.33199978e+00 -2.212524e-07 -5.107397e-08
 +4.336000000000000298e+00 +4.33599997e+00 -3.433228e-08 -7.917960e-09
 +4.339999999999999858e+00 +4.34000015e+00 +1.525879e-07 +3.515850e-08
 +4.344000000000000306e+00 +4.34399986e+00 -1.373291e-07 -3.161351e-08
 +4.347999999999999865e+00 +4.34800005e+00 +4.959106e-08 +1.140549e-08
 +4.352000000000000313e+00 +4.35200024e+00 +2.365112e-07 +5.434541e-08
 +4.355999999999999872e+00 +4.35599995e+00 -5.340576e-08 -1.226028e-08
 +4.360000000000000320e+00 +4.36000013e+00 +1.335144e-07 +3.062257e-08
 +4.363999999999999879e+00 +4.36399984e+00 -1.564026e-07 -3.583927e-08
 +4.368000000000000327e+00 +4.36800003e+00 +3.051758e-08 +6.986625e-09
 +4.371999999999999886e+00 +4.37200022e+00 +2.174377e-07 +4.973416e-08
 +4.376000000000000334e+00 +4.37599993e+00 -7.247925e-08 -1.656290e-08
 +4.379999999999999893e+00 +4.38000011e+00 +1.144409e-07 +2.612806e-08
 +4.384000000000000341e+00 +4.38399982e+00 -1.754761e-07 -4.002648e-08
 +4.387999999999999901e+00 +4.38800001e+00 +1.144409e-08 +2.608043e-09
 +4.392000000000000348e+00 +4.39200020e+00 +1.983643e-07 +4.516490e-08
 +4.395999999999999908e+00 +4.39599991e+00 -9.155273e-08 -2.082637e-08
 +4.400000000000000355e+00 +4.40000010e+00 +9.536743e-08 +2.167442e-08
 +4.403999999999999915e+00 +4.40399981e+00 -1.945496e-07 -4.417565e-08
 +4.408000000000000362e+00 +4.40799999e+00 -7.629395e-09 -1.730806e-09
 +4.411999999999999922e+00 +4.41200018e+00 +1.792908e-07 +4.063707e-08
 +4.416000000000000369e+00 +4.41599989e+00 -1.106262e-07 -2.505123e-08
 +4.419999999999999929e+00 +4.42000008e+00 +7.629395e-08 +1.726107e-08
 +4.424000000000000377e+00 +4.42399979e+00 -2.136230e-07 -4.828731e-08
 +4.427999999999999936e+00 +4.42799997e+00 -2.670288e-08 -6.030461e-09
 +4.432000000000000384e+00 +4.43200016e+00 +1.602173e-07 +3.615011e-08
 +4.435999999999999943e+00 +4.43599987e+00 -1.296997e-07 -2.923799e-08
 +4.440000000000000391e+00 +4.44000006e+00 +5.722046e-08 +1.288749e-08
 +4.443999999999999950e+00 +4.44399977e+00 -2.326965e-07 -5.236196e-08
 +4.448000000000000398e+00 +4.44799995e+00 -4.577637e-08 -1.029145e-08
 +4.451999999999999957e+00 +4.45200014e+00 +1.411438e-07 +3.170346e-08
 +4.456000000000000405e+00 +4.45599985e+00 -1.487732e-07 -3.338716e-08
 +4.459999999999999964e+00 +4.46000004e+00 +3.814697e-08 +8.553133e-09
 +4.464000000000000412e+00 +4.46400023e+00 +2.250671e-07 +5.041827e-08
 +4.467999999999999972e+00 +4.46799994e+00 -6.484985e-08 -1.451429e-08
 +4.472000000000000419e+00 +4.47200012e+00 +1.220703e-07 +2.729658e-08
 +4.475999999999999979e+00 +4.47599983e+00 -1.678467e-07 -3.749926e-08
 +4.480000000000000426e+00 +4.48000002e+00 +1.907349e-08 +4.257475e-09
 +4.483999999999999986e+00 +4.48400021e+00 +2.059937e-07 +4.593971e-08
 +4.487999999999999545e+00 +4.48799992e+00 -8.392334e-08 -1.869950e-08
 +4.491999999999999993e+00 +4.49200010e+00 +1.029968e-07 +2.292895e-08
 +4.496000000000000441e+00 +4.49599981e+00 -1.869202e-07 -4.157477e-08
 +4.500000000000000000e+00 +4.50000000e+00 +0.000000e+00 +0.000000e+00
 +4.503999999999999559e+00 +4.50400019e+00 +1.869202e-07 +4.150093e-08
 +4.508000000000000007e+00 +4.50799990e+00 -1.029968e-07 -2.284757e-08
 +4.512000000000000455e+00 +4.51200008e+00 +8.392334e-08 +1.860003e-08
 +4.516000000000000014e+00 +4.51599979e+00 -2.059937e-07 -4.561418e-08
 +4.519999999999999574e+00 +4.51999998e+00 -1.907349e-08 -4.219798e-09
 +4.524000000000000021e+00 +4.52400017e+00 +1.678467e-07 +3.710139e-08
 +4.528000000000000469e+00 +4.52799988e+00 -1.220703e-07 -2.695899e-08
 +4.532000000000000028e+00 +4.53200006e+00 +6.484985e-08 +1.430932e-08
 +4.535999999999999588e+00 +4.53599977e+00 -2.250671e-07 -4.961798e-08
 +4.540000000000000036e+00 +4.53999996e+00 -3.814697e-08 -8.402417e-09
 +4.544000000000000483e+00 +4.54400015e+00 +1.487732e-07 +3.274058e-08
 +4.548000000000000043e+00 +4.54799986e+00 -1.411438e-07 -3.103426e-08
 +4.551999999999999602e+00 +4.55200005e+00 +4.577637e-08 +1.005632e-08
 +4.556000000000000050e+00 +4.55600023e+00 +2.326965e-07 +5.107474e-08
 +4.560000000000000497e+00 +4.55999994e+00 -5.722046e-08 -1.254835e-08
 +4.564000000000000057e+00 +4.56400013e+00 +1.296997e-07 +2.841799e-08
 +4.567999999999999616e+00 +4.56799984e+00 -1.602173e-07 -3.507384e-08
 +4.572000000000000064e+00 +4.57200003e+00 +2.670288e-08 +5.840525e-09
 +4.576000000000000512e+00 +4.57600021e+00 +2.136230e-07 +4.668336e-08
 +4.580000000000000071e+00 +4.57999992e+00 -7.629395e-08 -1.665807e-08
 +4.583999999999999631e+00 +4.58400011e+00 +1.106262e-07 +2.413312e-08
 +4.588000000000000078e+00 +4.58799982e+00 -1.792908e-07 -3.907820e-08
 +4.591999999999999638e+00 +4.59200001e+00 +7.629395e-09 +1.661454e-09
 +4.596000000000000085e+00 +4.59600019e+00 +1.945496e-07 +4.233019e-08
 +4.599999999999999645e+00 +4.59999990e+00 -9.536743e-08 -2.073205e-08
 +4.604000000000000092e+00 +4.60400009e+00 +9.155273e-08 +1.988548e-08
 +4.607999999999999652e+00 +4.60799980e+00 -1.983643e-07 -4.304780e-08
 +4.612000000000000099e+00 +4.61199999e+00 -1.144409e-08 -2.481373e-09
 +4.615999999999999659e+00 +4.61600018e+00 +1.754761e-07 +3.801475e-08
 +4.620000000000000107e+00 +4.61999989e+00 -1.144409e-07 -2.477076e-08
 +4.623999999999999666e+00 +4.62400007e+00 +7.247925e-08 +1.567458e-08
 +4.628000000000000114e+00 +4.62799978e+00 -2.174377e-07 -4.698309e-08
 +4.631999999999999673e+00 +4.63199997e+00 -3.051758e-08 -6.588424e-09
 +4.636000000000000121e+00 +4.63600016e+00 +1.564026e-07 +3.373654e-08
 +4.639999999999999680e+00 +4.63999987e+00 -1.335144e-07 -2.877466e-08
 +4.644000000000000128e+00 +4.64400005e+00 +5.340576e-08 +1.149995e-08
 +4.647999999999999687e+00 +4.64799976e+00 -2.365112e-07 -5.088452e-08
 +4.652000000000000135e+00 +4.65199995e+00 -4.959106e-08 -1.066016e-08
 +4.655999999999999694e+00 +4.65600014e+00 +1.373291e-07 +2.949508e-08
 +4.660000000000000142e+00 +4.65999985e+00 -1.525879e-07 -3.274418e-08
 +4.663999999999999702e+00 +4.66400003e+00 +3.433228e-08 +7.361123e-09
 +4.668000000000000149e+00 +4.66800022e+00 +2.212524e-07 +4.739770e-08
 +4.671999999999999709e+00 +4.67199993e+00 -6.866455e-08 -1.469704e-08
 +4.676000000000000156e+00 +4.67600012e+00 +1.182556e-07 +2.528991e-08
 +4.679999999999999716e+00 +4.67999983e+00 -1.716614e-07 -3.667978e-08
 +4.684000000000000163e+00 +4.68400002e+00 +1.525879e-08 +3.257641e-09
 +4.687999999999999723e+00 +4.68800020e+00 +2.021790e-07 +4.312691e-08
 +4.692000000000000171e+00 +4.69199991e+00 -8.773804e-08 -1.869950e-08
 +4.695999999999999730e+00 +4.69600010e+00 +9.918213e-08 +2.112056e-08
 +4.700000000000000178e+00 +4.69999981e+00 -1.907349e-07 -4.058189e-08
 +4.703999999999999737e+00 +4.70400000e+00 -3.814697e-09 -8.109475e-10
 +4.708000000000000185e+00 +4.70800018e+00 +1.831055e-07 +3.889241e-08
 +4.711999999999999744e+00 +4.71199989e+00 -1.068115e-07 -2.266798e-08
 +4.716000000000000192e+00 +4.71600008e+00 +8.010864e-08 +1.698657e-08
 +4.719999999999999751e+00 +4.71999979e+00 -2.098083e-07 -4.445092e-08
 +4.724000000000000199e+00 +4.72399998e+00 -2.288818e-08 -4.845085e-09
 +4.727999999999999758e+00 +4.72800016e+00 +1.640320e-07 +3.469374e-08
 +4.732000000000000206e+00 +4.73199987e+00 -1.258850e-07 -2.660292e-08
 +4.735999999999999766e+00 +4.73600006e+00 +6.103516e-08 +1.288749e-08
 +4.740000000000000213e+00 +4.73999977e+00 -2.288818e-07 -4.828731e-08
 +4.743999999999999773e+00 +4.74399996e+00 -4.196167e-08 -8.845209e-09
 +4.748000000000000220e+00 +4.74800014e+00 +1.449585e-07 +3.053043e-08
 +4.751999999999999780e+00 +4.75199986e+00 -1.449585e-07 -3.050473e-08
 +4.756000000000000227e+00 +4.75600004e+00 +4.196167e-08 +8.822891e-09
 +4.759999999999999787e+00 +4.76000023e+00 +2.288818e-07 +4.808442e-08
 +4.764000000000000234e+00 +4.76399994e+00 -6.103516e-08 -1.281175e-08
 +4.767999999999999794e+00 +4.76800013e+00 +1.258850e-07 +2.640206e-08
 +4.772000000000000242e+00 +4.77199984e+00 -1.640320e-07 -3.437384e-08
 +4.775999999999999801e+00 +4.77600002e+00 +2.288818e-08 +4.792333e-09
 +4.780000000000000249e+00 +4.78000021e+00 +2.098083e-07 +4.389296e-08
 +4.783999999999999808e+00 +4.78399992e+00 -8.010864e-08 -1.674512e-08
 +4.788000000000000256e+00 +4.78800011e+00 +1.068115e-07 +2.230817e-08
 +4.791999999999999815e+00 +4.79199982e+00 -1.831055e-07 -3.821066e-08
 +4.796000000000000263e+00 +4.79600000e+00 +3.814697e-09 +7.953914e-10
 +4.799999999999999822e+00 +4.80000019e+00 +1.907349e-07 +3.973643e-08
 +4.804000000000000270e+00 +4.80399990e+00 -9.918213e-08 -2.064574e-08
 +4.807999999999999829e+00 +4.80800009e+00 +8.773804e-08 +1.824834e-08
 +4.812000000000000277e+00 +4.81199980e+00 -2.021790e-07 -4.201558e-08
 +4.815999999999999837e+00 +4.81599998e+00 -1.525879e-08 -3.168353e-09
 +4.820000000000000284e+00 +4.82000017e+00 +1.716614e-07 +3.561439e-08
 +4.823999999999999844e+00 +4.82399988e+00 -1.182556e-07 -2.451402e-08
 +4.828000000000000291e+00 +4.82800007e+00 +6.866455e-08 +1.422215e-08
 +4.831999999999999851e+00 +4.83199978e+00 -2.212524e-07 -4.578900e-08
 +4.836000000000000298e+00 +4.83599997e+00 -3.433228e-08 -7.099313e-09
 +4.839999999999999858e+00 +4.84000015e+00 +1.525879e-07 +3.152642e-08
 +4.844000000000000306e+00 +4.84399986e+00 -1.373291e-07 -2.835035e-08
 +4.847999999999999865e+00 +4.84800005e+00 +4.959106e-08 +1.022918e-08
 +4.852000000000000313e+00 +4.85200024e+00 +2.365112e-07 +4.874510e-08
 +4.855999999999999872e+00 +4.85599995e+00 -5.340576e-08 -1.099789e-08
 +4.860000000000000320e+00 +4.86000013e+00 +1.335144e-07 +2.747210e-08
 +4.863999999999999879e+00 +4.86399984e+00 -1.564026e-07 -3.215514e-08
 +4.868000000000000327e+00 +4.86800003e+00 +3.051758e-08 +6.269018e-09
 +4.871999999999999886e+00 +4.87200022e+00 +2.174377e-07 +4.463008e-08
 +4.876000000000000334e+00 +4.87599993e+00 -7.247925e-08 -1.486449e-08
 +4.879999999999999893e+00 +4.88000011e+00 +1.144409e-07 +2.345101e-08
 +4.884000000000000341e+00 +4.88399982e+00 -1.754761e-07 -3.592876e-08
 +4.887999999999999901e+00 +4.88800001e+00 +1.144409e-08 +2.341263e-09
 +4.892000000000000348e+00 +4.89200020e+00 +1.983643e-07 +4.054870e-08
 +4.895999999999999908e+00 +4.89599991e+00 -9.155273e-08 -1.869950e-08
 +4.900000000000000355e+00 +4.90000010e+00 +9.536743e-08 +1.946274e-08
 +4.903999999999999915e+00 +4.90399981e+00 -1.945496e-07 -3.967161e-08
 +4.908000000000000362e+00 +4.90799999e+00 -7.629395e-09 -1.554481e-09
 +4.911999999999999922e+00 +4.91200018e+00 +1.792908e-07 +3.650056e-08
 +4.916000000000000369e+00 +4.91599989e+00 -1.106262e-07 -2.250330e-08
 +4.919999999999999929e+00 +4.92000008e+00 +7.629395e-08 +1.550690e-08
 +4.924000000000000377e+00 +4.92399979e+00 -2.136230e-07 -4.338405e-08
 +4.927999999999999936e+00 +4.92799997e+00 -2.670288e-08 -5.418604e-09
 +4.932000000000000384e+00 +4.93200016e+00 +1.602173e-07 +3.248526e-08
 +4.935999999999999943e+00 +4.93599987e+00 -1.296997e-07 -2.627628e-08
 +4.940000000000000391e+00 +4.94000006e+00 +5.722046e-08 +1.158309e-08
 +4.943999999999999950e+00 +4.94399977e+00 -2.326965e-07 -4.706645e-08
 +4.948000000000000398e+00 +4.94799995e+00 -4.577637e-08 -9.251489e-09
 +4.951999999999999957e+00 +4.95200014e+00 +1.411438e-07 +2.850238e-08
 +4.956000000000000405e+00 +4.95599985e+00 -1.487732e-07 -3.001880e-08
 +4.959999999999999964e+00 +4.96000004e+00 +3.814697e-08 +7.690922e-09
 +4.964000000000000412e+00 +4.96400023e+00 +2.250671e-07 +4.533987e-08
 +4.967999999999999972e+00 +4.96799994e+00 -6.484985e-08 -1.305351e-08
 +4.971999999999999531e+00 +4.97200012e+00 +1.220703e-07 +2.455155e-08
 +4.975999999999999979e+00 +4.97599983e+00 -1.678467e-07 -3.373125e-08
 +4.980000000000000426e+00 +4.98000002e+00 +1.907349e-08 +3.830017e-09
 +4.983999999999999986e+00 +4.98400021e+00 +2.059937e-07 +4.133099e-08
 +4.987999999999999545e+00 +4.98799992e+00 -8.392334e-08 -1.682505e-08
 +4.991999999999999993e+00 +4.99200010e+00 +1.029968e-07 +2.063238e-08
 +4.996000000000000441e+00 +4.99599981e+00 -1.869202e-07 -3.741396e-08
 +5.000000000000000000e+00 +5.00000000e+00 +0.000000e+00 +0.000000e+00
 +5.003999999999999559e+00 +5.00400019e+00 +1.869202e-07 +3.735415e-08
 +5.008000000000000007e+00 +5.00799990e+00 -1.029968e-07 -2.056646e-08
 +5.012000000000000455e+00 +5.01200008e+00 +8.392334e-08 +1.674448e-08
 +5.016000000000000014e+00 +5.01599979e+00 -2.059937e-07 -4.106732e-08
 +5.019999999999999574e+00 +5.01999998e+00 -1.907349e-08 -3.799499e-09
 +5.024000000000000021e+00 +5.02400017e+00 +1.678467e-07 +3.340897e-08
 +5.028000000000000469e+00 +5.02799988e+00 -1.220703e-07 -2.427811e-08
 +5.032000000000000028e+00 +5.03200006e+00 +6.484985e-08 +1.288749e-08
 +5.035999999999999588e+00 +5.03599977e+00 -2.250671e-07 -4.469165e-08
 +5.040000000000000036e+00 +5.03999996e+00 -3.814697e-08 -7.568844e-09
 +5.044000000000000483e+00 +5.04400015e+00 +1.487732e-07 +2.949508e-08
 +5.048000000000000043e+00 +5.04799986e+00 -1.411438e-07 -2.796034e-08
 +5.051999999999999602e+00 +5.05200005e+00 +4.577637e-08 +9.061039e-09
 +5.056000000000000050e+00 +5.05600023e+00 +2.326965e-07 +4.602384e-08
 +5.060000000000000497e+00 +5.05999994e+00 -5.722046e-08 -1.130839e-08
 +5.064000000000000057e+00 +5.06400013e+00 +1.296997e-07 +2.561211e-08
 +5.067999999999999616e+00 +5.06799984e+00 -1.602173e-07 -3.161351e-08
 +5.072000000000000064e+00 +5.07200003e+00 +2.670288e-08 +5.264764e-09
 +5.076000000000000512e+00 +5.07600021e+00 +2.136230e-07 +4.208492e-08
 +5.080000000000000071e+00 +5.07999992e+00 -7.629395e-08 -1.501849e-08
 +5.083999999999999631e+00 +5.08400011e+00 +1.106262e-07 +2.175968e-08
 +5.088000000000000078e+00 +5.08799982e+00 -1.792908e-07 -3.523797e-08
 +5.092000000000000526e+00 +5.09200001e+00 +7.629394e-09 +1.498310e-09
 +5.096000000000000085e+00 +5.09600019e+00 +1.945496e-07 +3.817692e-08
 +5.099999999999999645e+00 +5.09999990e+00 -9.536743e-08 -1.869950e-08
 +5.104000000000000092e+00 +5.10400009e+00 +9.155273e-08 +1.793745e-08
 +5.108000000000000540e+00 +5.10799980e+00 -1.983643e-07 -3.883404e-08
 +5.112000000000000099e+00 +5.11199999e+00 -1.144409e-08 -2.238672e-09
 +5.115999999999999659e+00 +5.11600018e+00 +1.754761e-07 +3.429947e-08
 +5.120000000000000107e+00 +5.11999989e+00 -1.144409e-07 -2.235174e-08
 +5.124000000000000554e+00 +5.12400007e+00 +7.247925e-08 +1.414505e-08
 +5.128000000000000114e+00 +5.12799978e+00 -2.174377e-07 -4.240206e-08
 +5.131999999999999673e+00 +5.13199997e+00 -3.051758e-08 -5.946527e-09
 +5.136000000000000121e+00 +5.13600016e+00 +1.564026e-07 +3.045222e-08
 +5.140000000000000568e+00 +5.13999987e+00 -1.335144e-07 -2.597557e-08
 +5.144000000000000128e+00 +5.14400005e+00 +5.340576e-08 +1.038215e-08
 +5.147999999999999687e+00 +5.14799976e+00 -2.365112e-07 -4.594235e-08
 +5.152000000000000135e+00 +5.15199995e+00 -4.959106e-08 -9.625595e-09
 +5.155999999999999694e+00 +5.15600014e+00 +1.373291e-07 +2.663481e-08
 +5.160000000000000142e+00 +5.15999985e+00 -1.525879e-07 -2.957130e-08
 +5.163999999999999702e+00 +5.16400003e+00 +3.433228e-08 +6.648388e-09
 +5.168000000000000149e+00 +5.16800022e+00 +2.212524e-07 +4.281200e-08
 +5.171999999999999709e+00 +5.17199993e+00 -6.866455e-08 -1.327621e-08
 +5.176000000000000156e+00 +5.17600012e+00 +1.182556e-07 +2.284691e-08
 +5.179999999999999716e+00 +5.17999983e+00 -1.716614e-07 -3.313926e-08
 +5.184000000000000163e+00 +5.18400002e+00 +1.525879e-08 +2.943439e-09
 +5.187999999999999723e+00 +5.18800020e+00 +2.021790e-07 +3.897050e-08
 +5.192000000000000171e+00 +5.19199991e+00 -8.773804e-08 -1.689870e-08
 +5.195999999999999730e+00 +5.19600010e+00 +9.918213e-08 +1.908817e-08
 +5.200000000000000178e+00 +5.19999981e+00 -1.907349e-07 -3.667978e-08
 +5.203999999999999737e+00 +5.20400000e+00 -3.814697e-09 -7.330317e-10
 +5.208000000000000185e+00 +5.20800018e+00 +1.831055e-07 +3.515850e-08
 +5.211999999999999744e+00 +5.21199989e+00 -1.068115e-07 -2.049339e-08
 +5.216000000000000192e+00 +5.21600008e+00 +8.010864e-08 +1.535825e-08
 +5.219999999999999751e+00 +5.21999979e+00 -2.098083e-07 -4.019317e-08
 +5.224000000000000199e+00 +5.22399998e+00 -2.288818e-08 -4.381352e-09
 +5.227999999999999758e+00 +5.22800016e+00 +1.640320e-07 +3.137567e-08
 +5.232000000000000206e+00 +5.23199987e+00 -1.258850e-07 -2.406059e-08
 +5.235999999999999766e+00 +5.23600006e+00 +6.103516e-08 +1.165683e-08
 +5.240000000000000213e+00 +5.23999977e+00 -2.288818e-07 -4.367974e-08
 +5.243999999999999773e+00 +5.24399996e+00 -4.196167e-08 -8.001844e-09
 +5.248000000000000220e+00 +5.24800014e+00 +1.449585e-07 +2.762166e-08
 +5.251999999999999780e+00 +5.25199986e+00 -1.449585e-07 -2.760063e-08
 +5.256000000000000227e+00 +5.25600004e+00 +4.196167e-08 +7.983575e-09
 +5.259999999999999787e+00 +5.26000023e+00 +2.288818e-07 +4.351366e-08
 +5.264000000000000234e+00 +5.26399994e+00 -6.103516e-08 -1.159482e-08
 +5.267999999999999794e+00 +5.26800013e+00 +1.258850e-07 +2.389617e-08
 +5.272000000000000242e+00 +5.27199984e+00 -1.640320e-07 -3.111381e-08
 +5.275999999999999801e+00 +5.27600002e+00 +2.288818e-08 +4.338170e-09
 +5.280000000000000249e+00 +5.28000021e+00 +2.098083e-07 +3.973643e-08
 +5.283999999999999808e+00 +5.28399992e+00 -8.010864e-08 -1.516061e-08
 +5.288000000000000256e+00 +5.28800011e+00 +1.068115e-07 +2.019885e-08
 +5.291999999999999815e+00 +5.29199982e+00 -1.831055e-07 -3.460043e-08
 +5.296000000000000263e+00 +5.29600000e+00 +3.814697e-09 +7.202978e-10
 +5.299999999999999822e+00 +5.30000019e+00 +1.907349e-07 +3.598771e-08
 +5.304000000000000270e+00 +5.30399990e+00 -9.918213e-08 -1.869950e-08
 +5.307999999999999829e+00 +5.30800009e+00 +8.773804e-08 +1.652940e-08
 +5.312000000000000277e+00 +5.31199980e+00 -2.021790e-07 -3.806080e-08
 +5.315999999999999837e+00 +5.31599998e+00 -1.525879e-08 -2.870352e-09
 +5.320000000000000284e+00 +5.32000017e+00 +1.716614e-07 +3.226718e-08
 +5.323999999999999844e+00 +5.32399988e+00 -1.182556e-07 -2.221180e-08
 +5.328000000000000291e+00 +5.32800007e+00 +6.866455e-08 +1.288749e-08
 +5.331999999999999851e+00 +5.33199978e+00 -2.212524e-07 -4.149521e-08
 +5.336000000000000298e+00 +5.33599997e+00 -3.433228e-08 -6.434085e-09
 +5.339999999999999858e+00 +5.34000015e+00 +1.525879e-07 +2.857451e-08
 +5.344000000000000306e+00 +5.34399986e+00 -1.373291e-07 -2.569781e-08
 +5.347999999999999865e+00 +5.34800005e+00 +4.959106e-08 +9.272824e-09
 +5.352000000000000313e+00 +5.35200024e+00 +2.365112e-07 +4.419119e-08
 +5.355999999999999872e+00 +5.35599995e+00 -5.340576e-08 -9.971203e-09
 +5.360000000000000320e+00 +5.36000013e+00 +1.335144e-07 +2.490940e-08
 +5.363999999999999879e+00 +5.36399984e+00 -1.564026e-07 -2.915783e-08
 +5.368000000000000327e+00 +5.36800003e+00 +3.051758e-08 +5.685093e-09
 +5.371999999999999886e+00 +5.37200022e+00 +2.174377e-07 +4.047613e-08
 +5.376000000000000334e+00 +5.37599993e+00 -7.247925e-08 -1.348200e-08
 +5.379999999999999893e+00 +5.38000011e+00 +1.144409e-07 +2.127155e-08
 +5.384000000000000341e+00 +5.38399982e+00 -1.754761e-07 -3.259214e-08
 +5.387999999999999901e+00 +5.38800001e+00 +1.144409e-08 +2.123996e-09
 +5.392000000000000348e+00 +5.39200020e+00 +1.983643e-07 +3.678862e-08
 +5.395999999999999908e+00 +5.39599991e+00 -9.155273e-08 -1.696678e-08
 +5.400000000000000355e+00 +5.40000010e+00 +9.536743e-08 +1.766064e-08
 +5.403999999999999915e+00 +5.40399981e+00 -1.945496e-07 -3.600103e-08
 +5.407999999999999474e+00 +5.40799999e+00 -7.629394e-09 -1.410761e-09
 +5.411999999999999922e+00 +5.41200018e+00 +1.792908e-07 +3.312838e-08
 +5.416000000000000369e+00 +5.41599989e+00 -1.106262e-07 -2.042582e-08
 +5.419999999999999929e+00 +5.42000008e+00 +7.629395e-08 +1.407637e-08
 +5.423999999999999488e+00 +5.42399979e+00 -2.136230e-07 -3.938478e-08
 +5.427999999999999936e+00 +5.42799997e+00 -2.670288e-08 -4.919470e-09
 +5.432000000000000384e+00 +5.43200016e+00 +1.602173e-07 +2.949508e-08
 +5.435999999999999943e+00 +5.43599987e+00 -1.296997e-07 -2.385940e-08
 +5.439999999999999503e+00 +5.44000006e+00 +5.722046e-08 +1.051847e-08
 +5.443999999999999950e+00 +5.44399977e+00 -2.326965e-07 -4.274367e-08
 +5.448000000000000398e+00 +5.44799995e+00 -4.577637e-08 -8.402417e-09
 +5.451999999999999957e+00 +5.45200014e+00 +1.411438e-07 +2.588844e-08
 +5.455999999999999517e+00 +5.45599985e+00 -1.487732e-07 -2.726781e-08
 +5.459999999999999964e+00 +5.46000004e+00 +3.814697e-08 +6.986625e-09
 +5.464000000000000412e+00 +5.46400023e+00 +2.250671e-07 +4.119091e-08
 +5.467999999999999972e+00 +5.46799994e+00 -6.484985e-08 -1.185989e-08
 +5.471999999999999531e+00 +5.47200012e+00 +1.220703e-07 +2.230817e-08
 +5.475999999999999979e+00 +5.47599983e+00 -1.678467e-07 -3.065133e-08
 +5.480000000000000426e+00 +5.48000002e+00 +1.907349e-08 +3.480563e-09
 +5.483999999999999986e+00 +5.48400021e+00 +2.059937e-07 +3.756266e-08
 +5.487999999999999545e+00 +5.48799992e+00 -8.392334e-08 -1.529215e-08
 +5.491999999999999993e+00 +5.49200010e+00 +1.029968e-07 +1.875397e-08
 +5.496000000000000441e+00 +5.49599981e+00 -1.869202e-07 -3.401022e-08
 +5.500000000000000000e+00 +5.50000000e+00 +0.000000e+00 +0.000000e+00
 +5.503999999999999559e+00 +5.50400019e+00 +1.869202e-07 +3.396079e-08
 +5.508000000000000007e+00 +5.50799990e+00 -1.029968e-07 -1.869950e-08
 +5.512000000000000455e+00 +5.51200008e+00 +8.392334e-08 +1.522557e-08
 +5.516000000000000014e+00 +5.51599979e+00 -2.059937e-07 -3.734475e-08
 +5.519999999999999574e+00 +5.51999998e+00 -1.907349e-08 -3.455342e-09
 +5.524000000000000021e+00 +5.52400017e+00 +1.678467e-07 +3.038499e-08
 +5.528000000000000469e+00 +5.52799988e+00 -1.220703e-07 -2.208218e-08
 +5.532000000000000028e+00 +5.53200006e+00 +6.484985e-08 +1.172268e-08
 +5.535999999999999588e+00 +5.53599977e+00 -2.250671e-07 -4.065519e-08
 +5.540000000000000036e+00 +5.53999996e+00 -3.814697e-08 -6.885735e-09
 +5.544000000000000483e+00 +5.54400015e+00 +1.487732e-07 +2.683499e-08
 +5.548000000000000043e+00 +5.54799986e+00 -1.411438e-07 -2.544048e-08
 +5.551999999999999602e+00 +5.55200005e+00 +4.577637e-08 +8.245023e-09
 +5.556000000000000050e+00 +5.55600023e+00 +2.326965e-07 +4.188203e-08
 +5.560000000000000497e+00 +5.55999994e+00 -5.722046e-08 -1.029145e-08
 +5.564000000000000057e+00 +5.56400013e+00 +1.296997e-07 +2.331052e-08
 +5.567999999999999616e+00 +5.56799984e+00 -1.602173e-07 -2.877466e-08
 +5.572000000000000064e+00 +5.57200003e+00 +2.670288e-08 +4.792333e-09
 +5.576000000000000512e+00 +5.57600021e+00 +2.136230e-07 +3.831116e-08
 +5.580000000000000071e+00 +5.57999992e+00 -7.629395e-08 -1.367275e-08
 +5.583999999999999631e+00 +5.58400011e+00 +1.106262e-07 +1.981129e-08
 +5.588000000000000078e+00 +5.58799982e+00 -1.792908e-07 -3.208496e-08
 +5.592000000000000526e+00 +5.59200001e+00 +7.629394e-09 +1.364341e-09
 +5.596000000000000085e+00 +5.59600019e+00 +1.945496e-07 +3.476583e-08
 +5.599999999999999645e+00 +5.59999990e+00 -9.536743e-08 -1.702990e-08
 +5.604000000000000092e+00 +5.60400009e+00 +9.155273e-08 +1.633703e-08
 +5.608000000000000540e+00 +5.60799980e+00 -1.983643e-07 -3.537166e-08
 +5.612000000000000099e+00 +5.61199999e+00 -1.144409e-08 -2.039218e-09
 +5.615999999999999659e+00 +5.61600018e+00 +1.754761e-07 +3.124574e-08
 +5.620000000000000107e+00 +5.61999989e+00 -1.144409e-07 -2.036315e-08
 +5.624000000000000554e+00 +5.62400007e+00 +7.247925e-08 +1.288749e-08
 +5.628000000000000114e+00 +5.62799978e+00 -2.174377e-07 -3.863499e-08
 +5.631999999999999673e+00 +5.63199997e+00 -3.051758e-08 -5.418604e-09
 +5.636000000000000121e+00 +5.63600016e+00 +1.564026e-07 +2.775064e-08
 +5.640000000000000568e+00 +5.63999987e+00 -1.335144e-07 -2.367277e-08
 +5.644000000000000128e+00 +5.64400005e+00 +5.340576e-08 +9.462396e-09
 +5.647999999999999687e+00 +5.64799976e+00 -2.365112e-07 -4.187522e-08
 +5.652000000000000135e+00 +5.65199995e+00 -4.959106e-08 -8.774074e-09
 +5.656000000000000583e+00 +5.65600014e+00 +1.373291e-07 +2.428025e-08
 +5.660000000000000142e+00 +5.65999985e+00 -1.525879e-07 -2.695899e-08
 +5.663999999999999702e+00 +5.66400003e+00 +3.433228e-08 +6.061489e-09
 +5.668000000000000149e+00 +5.66800022e+00 +2.212524e-07 +3.903536e-08
 +5.671999999999999709e+00 +5.67199993e+00 -6.866455e-08 -1.210588e-08
 +5.676000000000000156e+00 +5.67600012e+00 +1.182556e-07 +2.083432e-08
 +5.679999999999999716e+00 +5.67999983e+00 -1.716614e-07 -3.022207e-08
 +5.684000000000000163e+00 +5.68400002e+00 +1.525879e-08 +2.684516e-09
 +5.687999999999999723e+00 +5.68800020e+00 +2.021790e-07 +3.554482e-08
 +5.692000000000000171e+00 +5.69199991e+00 -8.773804e-08 -1.541427e-08
 +5.695999999999999730e+00 +5.69600010e+00 +9.918213e-08 +1.741259e-08
 +5.700000000000000178e+00 +5.69999981e+00 -1.907349e-07 -3.346226e-08
 +5.703999999999999737e+00 +5.70400000e+00 -3.814697e-09 -6.687758e-10
 +5.708000000000000185e+00 +5.70800018e+00 +1.831055e-07 +3.207874e-08
 +5.711999999999999744e+00 +5.71199989e+00 -1.068115e-07 -1.869950e-08
 +5.716000000000000192e+00 +5.71600008e+00 +8.010864e-08 +1.401481e-08
 +5.719999999999999751e+00 +5.71999979e+00 -2.098083e-07 -3.667978e-08
 +5.724000000000000199e+00 +5.72399998e+00 -2.288818e-08 -3.998634e-09
 +5.727999999999999758e+00 +5.72800016e+00 +1.640320e-07 +2.863687e-08
 +5.732000000000000206e+00 +5.73199987e+00 -1.258850e-07 -2.196180e-08
 +5.735999999999999766e+00 +5.73600006e+00 +6.103516e-08 +1.064072e-08
 +5.740000000000000213e+00 +5.73999977e+00 -2.288818e-07 -3.987488e-08
 +5.743999999999999773e+00 +5.74399996e+00 -4.196167e-08 -7.305305e-09
 +5.748000000000000220e+00 +5.74800014e+00 +1.449585e-07 +2.521895e-08
 +5.751999999999999780e+00 +5.75199986e+00 -1.449585e-07 -2.520141e-08
 +5.756000000000000227e+00 +5.75600004e+00 +4.196167e-08 +7.290075e-09
 +5.759999999999999787e+00 +5.76000023e+00 +2.288818e-07 +3.973643e-08
 +5.764000000000000234e+00 +5.76399994e+00 -6.103516e-08 -1.058903e-08
 +5.767999999999999794e+00 +5.76800013e+00 +1.258850e-07 +2.182472e-08
 +5.772000000000000242e+00 +5.77199984e+00 -1.640320e-07 -2.841857e-08
 +5.775999999999999801e+00 +5.77600002e+00 +2.288818e-08 +3.962636e-09
 +5.780000000000000249e+00 +5.78000021e+00 +2.098083e-07 +3.629902e-08
 +5.783999999999999808e+00 +5.78399992e+00 -8.010864e-08 -1.385004e-08
 +5.788000000000000256e+00 +5.78800011e+00 +1.068115e-07 +1.845396e-08
 +5.791999999999999815e+00 +5.79199982e+00 -1.831055e-07 -3.161351e-08
 +5.796000000000000263e+00 +5.79600000e+00 +3.814697e-09 +6.581603e-10
 +5.799999999999999822e+00 +5.80000019e+00 +1.907349e-07 +3.288532e-08
 +5.804000000000000270e+00 +5.80399990e+00 -9.918213e-08 -1.708858e-08
 +5.807999999999999829e+00 +5.80800009e+00 +8.773804e-08 +1.510641e-08
 +5.812000000000000277e+00 +5.81199980e+00 -2.021790e-07 -3.478647e-08
 +5.815999999999999837e+00 +5.81599998e+00 -1.525879e-08 -2.623588e-09
 +5.820000000000000284e+00 +5.82000017e+00 +1.716614e-07 +2.949508e-08
 +5.823999999999999844e+00 +5.82399988e+00 -1.182556e-07 -2.030488e-08
 +5.828000000000000291e+00 +5.82800007e+00 +6.866455e-08 +1.178184e-08
 +5.831999999999999851e+00 +5.83199978e+00 -2.212524e-07 -3.793766e-08
 +5.836000000000000298e+00 +5.83599997e+00 -3.433228e-08 -5.882844e-09
 +5.839999999999999858e+00 +5.84000015e+00 +1.525879e-07 +2.612806e-08
 +5.844000000000000306e+00 +5.84399986e+00 -1.373291e-07 -2.349916e-08
 +5.847999999999999865e+00 +5.84800005e+00 +4.959106e-08 +8.480004e-09
 +5.852000000000000313e+00 +5.85200024e+00 +2.365112e-07 +4.041545e-08
 +5.855999999999999872e+00 +5.85599995e+00 -5.340576e-08 -9.119836e-09
 +5.860000000000000320e+00 +5.86000013e+00 +1.335144e-07 +2.278403e-08
 +5.863999999999999879e+00 +5.86399984e+00 -1.564026e-07 -2.667166e-08
 +5.868000000000000327e+00 +5.86800003e+00 +3.051758e-08 +5.200678e-09
 +5.871999999999999886e+00 +5.87200022e+00 +2.174377e-07 +3.702959e-08
 +5.876000000000000334e+00 +5.87599993e+00 -7.247925e-08 -1.233479e-08
 +5.879999999999999893e+00 +5.88000011e+00 +1.144409e-07 +1.946274e-08
 +5.884000000000000341e+00 +5.88399982e+00 -1.754761e-07 -2.982258e-08
 +5.887999999999999901e+00 +5.88800001e+00 +1.144409e-08 +1.943630e-09
 +5.892000000000000348e+00 +5.89200020e+00 +1.983643e-07 +3.366671e-08
 +5.895999999999999908e+00 +5.89599991e+00 -9.155273e-08 -1.552794e-08
 +5.900000000000000355e+00 +5.90000010e+00 +9.536743e-08 +1.616397e-08
 +5.903999999999999915e+00 +5.90399981e+00 -1.945496e-07 -3.295216e-08
 +5.908000000000000362e+00 +5.90799999e+00 -7.629395e-09 -1.291367e-09
 +5.911999999999999922e+00 +5.91200018e+00 +1.792908e-07 +3.032659e-08
 +5.916000000000000369e+00 +5.91599989e+00 -1.106262e-07 -1.869950e-08
 +5.919999999999999929e+00 +5.92000008e+00 +7.629395e-08 +1.288749e-08
 +5.923999999999999488e+00 +5.92399979e+00 -2.136230e-07 -3.606061e-08
 +5.927999999999999936e+00 +5.92799997e+00 -2.670288e-08 -4.504535e-09
 +5.932000000000000384e+00 +5.93200016e+00 +1.602173e-07 +2.700898e-08
 +5.935999999999999943e+00 +5.93599987e+00 -1.296997e-07 -2.184968e-08
 +5.939999999999999503e+00 +5.94000006e+00 +5.722046e-08 +9.633074e-09
 +5.943999999999999950e+00 +5.94399977e+00 -2.326965e-07 -3.914814e-08
 +5.948000000000000398e+00 +5.94799995e+00 -4.577637e-08 -7.696094e-09
 +5.951999999999999957e+00 +5.95200014e+00 +1.411438e-07 +2.371368e-08
 +5.955999999999999517e+00 +5.95599985e+00 -1.487732e-07 -2.497871e-08
 +5.959999999999999964e+00 +5.96000004e+00 +3.814697e-08 +6.400499e-09
 +5.964000000000000412e+00 +5.96400023e+00 +2.250671e-07 +3.773762e-08
 +5.967999999999999972e+00 +5.96799994e+00 -6.484985e-08 -1.086626e-08
 +5.971999999999999531e+00 +5.97200012e+00 +1.220703e-07 +2.044044e-08
 +5.975999999999999979e+00 +5.97599983e+00 -1.678467e-07 -2.808679e-08
 +5.980000000000000426e+00 +5.98000002e+00 +1.907349e-08 +3.189546e-09
 +5.983999999999999986e+00 +5.98400021e+00 +2.059937e-07 +3.442407e-08
 +5.987999999999999545e+00 +5.98799992e+00 -8.392334e-08 -1.401525e-08
 +5.991999999999999993e+00 +5.99200010e+00 +1.029968e-07 +1.718906e-08
 +5.996000000000000441e+00 +5.99599981e+00 -1.869202e-07 -3.117414e-08
 +6.000000000000000000e+00 +6.00000000e+00 +0.000000e+00 +0.000000e+00
 +6.003999999999999559e+00 +6.00400019e+00 +1.869202e-07 +3.113261e-08
 +6.008000000000000007e+00 +6.00799990e+00 -1.029968e-07 -1.714328e-08
 +6.012000000000000455e+00 +6.01200008e+00 +8.392334e-08 +1.395930e-08
 +6.016000000000000014e+00 +6.01599979e+00 -2.059937e-07 -3.424097e-08
 +6.019999999999999574e+00 +6.01999998e+00 -1.907349e-08 -3.168353e-09
 +6.024000000000000021e+00 +6.02400017e+00 +1.678467e-07 +2.786299e-08
 +6.028000000000000469e+00 +6.02799988e+00 -1.220703e-07 -2.025055e-08
 +6.032000000000000028e+00 +6.03200006e+00 +6.484985e-08 +1.075097e-08
 +6.035999999999999588e+00 +6.03599977e+00 -2.250671e-07 -3.728746e-08
 +6.040000000000000036e+00 +6.03999996e+00 -3.814697e-08 -6.315724e-09
 +6.044000000000000483e+00 +6.04400015e+00 +1.487732e-07 +2.461502e-08
 +6.048000000000000043e+00 +6.04799986e+00 -1.411438e-07 -2.333727e-08
 +6.051999999999999602e+00 +6.05200005e+00 +4.577637e-08 +7.563841e-09
 +6.056000000000000050e+00 +6.05600023e+00 +2.326965e-07 +3.842413e-08
 +6.060000000000000497e+00 +6.05999994e+00 -5.722046e-08 -9.442320e-09
 +6.064000000000000057e+00 +6.06400013e+00 +1.296997e-07 +2.138847e-08
 +6.067999999999999616e+00 +6.06799984e+00 -1.602173e-07 -2.640364e-08
 +6.072000000000000064e+00 +6.07200003e+00 +2.670288e-08 +4.397708e-09
 +6.076000000000000512e+00 +6.07600021e+00 +2.136230e-07 +3.515850e-08
 +6.080000000000000071e+00 +6.07999992e+00 -7.629395e-08 -1.254835e-08
 +6.083999999999999631e+00 +6.08400011e+00 +1.106262e-07 +1.818314e-08
 +6.088000000000000078e+00 +6.08799982e+00 -1.792908e-07 -2.944986e-08
 +6.092000000000000526e+00 +6.09200001e+00 +7.629394e-09 +1.252363e-09
 +6.096000000000000085e+00 +6.09600019e+00 +1.945496e-07 +3.191430e-08
 +6.099999999999999645e+00 +6.09999990e+00 -9.536743e-08 -1.563401e-08
 +6.104000000000000092e+00 +6.10400009e+00 +9.155273e-08 +1.499881e-08
 +6.108000000000000540e+00 +6.10799980e+00 -1.983643e-07 -3.247614e-08
 +6.112000000000000099e+00 +6.11199999e+00 -1.144409e-08 -1.872397e-09
 +6.115999999999999659e+00 +6.11600018e+00 +1.754761e-07 +2.869131e-08
 +6.120000000000000107e+00 +6.11999989e+00 -1.144409e-07 -1.869950e-08
 +6.124000000000000554e+00 +6.12400007e+00 +7.247925e-08 +1.183528e-08
 +6.128000000000000114e+00 +6.12799978e+00 -2.174377e-07 -3.548266e-08
 +6.131999999999999673e+00 +6.13199997e+00 -3.051758e-08 -4.976774e-09
 +6.136000000000000121e+00 +6.13600016e+00 +1.564026e-07 +2.548934e-08
 +6.140000000000000568e+00 +6.13999987e+00 -1.335144e-07 -2.174502e-08
 +6.144000000000000128e+00 +6.14400005e+00 +5.340576e-08 +8.692344e-09
 +6.147999999999999687e+00 +6.14799976e+00 -2.365112e-07 -3.846962e-08
 +6.152000000000000135e+00 +6.15199995e+00 -4.959106e-08 -8.060966e-09
 +6.156000000000000583e+00 +6.15600014e+00 +1.373291e-07 +2.230817e-08
 +6.160000000000000142e+00 +6.15999985e+00 -1.525879e-07 -2.477076e-08
 +6.163999999999999702e+00 +6.16400003e+00 +3.433228e-08 +5.569805e-09
 +6.168000000000000149e+00 +6.16800022e+00 +2.212524e-07 +3.587102e-08
 +6.172000000000000597e+00 +6.17199993e+00 -6.866455e-08 -1.112517e-08
 +6.176000000000000156e+00 +6.17600012e+00 +1.182556e-07 +1.914761e-08
 +6.179999999999999716e+00 +6.17999983e+00 -1.716614e-07 -2.777692e-08
 +6.184000000000000163e+00 +6.18400002e+00 +1.525879e-08 +2.467463e-09
 +6.188000000000000611e+00 +6.18800020e+00 +2.021790e-07 +3.267275e-08
 +6.192000000000000171e+00 +6.19199991e+00 -8.773804e-08 -1.416958e-08
 +6.195999999999999730e+00 +6.19600010e+00 +9.918213e-08 +1.600744e-08
 +6.200000000000000178e+00 +6.19999981e+00 -1.907349e-07 -3.076369e-08
 +6.204000000000000625e+00 +6.20400000e+00 -3.814698e-09 -6.148772e-10
 +6.208000000000000185e+00 +6.20800018e+00 +1.831055e-07 +2.949508e-08
 +6.211999999999999744e+00 +6.21199989e+00 -1.068115e-07 -1.719439e-08
 +6.216000000000000192e+00 +6.21600008e+00 +8.010864e-08 +1.288749e-08
 +6.220000000000000639e+00 +6.21999979e+00 -2.098084e-07 -3.373125e-08
 +6.224000000000000199e+00 +6.22399998e+00 -2.288818e-08 -3.677407e-09
 +6.227999999999999758e+00 +6.22800016e+00 +1.640320e-07 +2.633783e-08
 +6.232000000000000206e+00 +6.23199987e+00 -1.258850e-07 -2.019978e-08
 +6.236000000000000654e+00 +6.23600006e+00 +6.103516e-08 +9.787549e-09
 +6.240000000000000213e+00 +6.23999977e+00 -2.288818e-07 -3.667978e-08
 +6.243999999999999773e+00 +6.24399996e+00 -4.196167e-08 -6.720319e-09
 +6.248000000000000220e+00 +6.24800014e+00 +1.449585e-07 +2.320078e-08
 +6.252000000000000668e+00 +6.25199986e+00 -1.449585e-07 -2.318594e-08
 +6.256000000000000227e+00 +6.25600004e+00 +4.196167e-08 +6.707428e-09
 +6.259999999999999787e+00 +6.26000023e+00 +2.288818e-07 +3.656259e-08
 +6.264000000000000234e+00 +6.26399994e+00 -6.103516e-08 -9.743799e-09
 +6.268000000000000682e+00 +6.26800013e+00 +1.258850e-07 +2.008376e-08
 +6.272000000000000242e+00 +6.27199984e+00 -1.640320e-07 -2.615306e-08
 +6.275999999999999801e+00 +6.27600002e+00 +2.288818e-08 +3.646938e-09
 +6.280000000000000249e+00 +6.28000021e+00 +2.098083e-07 +3.340897e-08
 +6.284000000000000696e+00 +6.28399992e+00 -8.010864e-08 -1.274803e-08
 +6.288000000000000256e+00 +6.28800011e+00 +1.068115e-07 +1.698657e-08
 +6.291999999999999815e+00 +6.29199982e+00 -1.831055e-07 -2.910131e-08
 +6.296000000000000263e+00 +6.29600000e+00 +3.814697e-09 +6.058922e-10
 +6.300000000000000711e+00 +6.30000019e+00 +1.907349e-07 +3.027538e-08
 +6.304000000000000270e+00 +6.30399990e+00 -9.918213e-08 -1.573321e-08
 +6.307999999999999829e+00 +6.30800009e+00 +8.773804e-08 +1.390901e-08
 +6.311999999999999389e+00 +6.31199980e+00 -2.021790e-07 -3.203089e-08
 +6.315999999999999837e+00 +6.31599998e+00 -1.525879e-08 -2.415894e-09
 +6.320000000000000284e+00 +6.32000017e+00 +1.716614e-07 +2.716161e-08
 +6.323999999999999844e+00 +6.32399988e+00 -1.182556e-07 -1.869950e-08
 +6.327999999999999403e+00 +6.32800007e+00 +6.866455e-08 +1.085091e-08
 +6.331999999999999851e+00 +6.33199978e+00 -2.212524e-07 -3.494195e-08
 +6.336000000000000298e+00 +6.33599997e+00 -3.433228e-08 -5.418604e-09
 +6.339999999999999858e+00 +6.34000015e+00 +1.525879e-07 +2.406749e-08
 +6.343999999999999417e+00 +6.34399986e+00 -1.373291e-07 -2.164708e-08
 +6.347999999999999865e+00 +6.34800005e+00 +4.959106e-08 +7.812077e-09
 +6.352000000000000313e+00 +6.35200024e+00 +2.365112e-07 +3.723414e-08
 +6.355999999999999872e+00 +6.35599995e+00 -5.340576e-08 -8.402417e-09
 +6.359999999999999432e+00 +6.36000013e+00 +1.335144e-07 +2.099283e-08
 +6.363999999999999879e+00 +6.36399984e+00 -1.564026e-07 -2.457615e-08
 +6.368000000000000327e+00 +6.36800003e+00 +3.051758e-08 +4.792333e-09
 +6.371999999999999886e+00 +6.37200022e+00 +2.174377e-07 +3.412394e-08
 +6.375999999999999446e+00 +6.37599993e+00 -7.247925e-08 -1.136751e-08
 +6.379999999999999893e+00 +6.38000011e+00 +1.144409e-07 +1.793745e-08
 +6.384000000000000341e+00 +6.38399982e+00 -1.754761e-07 -2.748685e-08
 +6.387999999999999901e+00 +6.38800001e+00 +1.144409e-08 +1.791498e-09
 +6.391999999999999460e+00 +6.39200020e+00 +1.983643e-07 +3.103321e-08
 +6.395999999999999908e+00 +6.39599991e+00 -9.155273e-08 -1.431406e-08
 +6.400000000000000355e+00 +6.40000010e+00 +9.536743e-08 +1.490116e-08
 +6.403999999999999915e+00 +6.40399981e+00 -1.945496e-07 -3.037938e-08
 +6.407999999999999474e+00 +6.40799999e+00 -7.629394e-09 -1.190605e-09
 +6.411999999999999922e+00 +6.41200018e+00 +1.792908e-07 +2.796175e-08
 +6.416000000000000369e+00 +6.41599989e+00 -1.106262e-07 -1.724224e-08
 +6.419999999999999929e+00 +6.42000008e+00 +7.629395e-08 +1.188379e-08
 +6.423999999999999488e+00 +6.42399979e+00 -2.136230e-07 -3.325390e-08
 +6.427999999999999936e+00 +6.42799997e+00 -2.670288e-08 -4.154151e-09
 +6.432000000000000384e+00 +6.43200016e+00 +1.602173e-07 +2.490940e-08
 +6.435999999999999943e+00 +6.43599987e+00 -1.296997e-07 -2.015222e-08
 +6.439999999999999503e+00 +6.44000006e+00 +5.722046e-08 +8.885165e-09
 +6.443999999999999950e+00 +6.44399977e+00 -2.326965e-07 -3.611057e-08
 +6.448000000000000398e+00 +6.44799995e+00 -4.577637e-08 -7.099313e-09
 +6.451999999999999957e+00 +6.45200014e+00 +1.411438e-07 +2.187598e-08
 +6.455999999999999517e+00 +6.45599985e+00 -1.487732e-07 -2.304417e-08
 +6.459999999999999964e+00 +6.46000004e+00 +3.814697e-08 +5.905104e-09
 +6.464000000000000412e+00 +6.46400023e+00 +2.250671e-07 +3.481855e-08
 +6.467999999999999972e+00 +6.46799994e+00 -6.484985e-08 -1.002626e-08
 +6.471999999999999531e+00 +6.47200012e+00 +1.220703e-07 +1.886130e-08
 +6.475999999999999979e+00 +6.47599983e+00 -1.678467e-07 -2.591826e-08
 +6.480000000000000426e+00 +6.48000002e+00 +1.907349e-08 +2.943439e-09
 +6.483999999999999986e+00 +6.48400021e+00 +2.059937e-07 +3.176953e-08
 +6.487999999999999545e+00 +6.48799992e+00 -8.392334e-08 -1.293516e-08
 +6.491999999999999993e+00 +6.49200010e+00 +1.029968e-07 +1.586519e-08
 +6.496000000000000441e+00 +6.49599981e+00 -1.869202e-07 -2.877466e-08
 +6.500000000000000000e+00 +6.50000000e+00 +0.000000e+00 +0.000000e+00
 +6.503999999999999559e+00 +6.50400019e+00 +1.869202e-07 +2.873926e-08
 +6.508000000000000007e+00 +6.50799990e+00 -1.029968e-07 -1.582619e-08
 +6.512000000000000455e+00 +6.51200008e+00 +8.392334e-08 +1.288749e-08
 +6.516000000000000014e+00 +6.51599979e+00 -2.059937e-07 -3.161351e-08
 +6.519999999999999574e+00 +6.51999998e+00 -1.907349e-08 -2.925381e-09
 +6.524000000000000021e+00 +6.52400017e+00 +1.678467e-07 +2.572757e-08
 +6.528000000000000469e+00 +6.52799988e+00 -1.220703e-07 -1.869950e-08
 +6.532000000000000028e+00 +6.53200006e+00 +6.484985e-08 +9.928024e-09
 +6.535999999999999588e+00 +6.53599977e+00 -2.250671e-07 -3.443500e-08
 +6.540000000000000036e+00 +6.53999996e+00 -3.814697e-08 -5.832870e-09
 +6.544000000000000483e+00 +6.54400015e+00 +1.487732e-07 +2.273429e-08
 +6.548000000000000043e+00 +6.54799986e+00 -1.411438e-07 -2.155525e-08
 +6.551999999999999602e+00 +6.55200005e+00 +4.577637e-08 +6.986625e-09
 +6.556000000000000050e+00 +6.55600023e+00 +2.326965e-07 +3.549367e-08
 +6.560000000000000497e+00 +6.55999994e+00 -5.722046e-08 -8.722631e-09
 +6.564000000000000057e+00 +6.56400013e+00 +1.296997e-07 +1.975925e-08
 +6.567999999999999616e+00 +6.56799984e+00 -1.602173e-07 -2.439362e-08
 +6.572000000000000064e+00 +6.57200003e+00 +2.670288e-08 +4.063129e-09
 +6.576000000000000512e+00 +6.57600021e+00 +2.136230e-07 +3.248526e-08
 +6.580000000000000071e+00 +6.57999992e+00 -7.629395e-08 -1.159482e-08
 +6.583999999999999631e+00 +6.58400011e+00 +1.106262e-07 +1.680228e-08
 +6.588000000000000078e+00 +6.58799982e+00 -1.792908e-07 -2.721475e-08
 +6.592000000000000526e+00 +6.59200001e+00 +7.629394e-09 +1.157372e-09
 +6.596000000000000085e+00 +6.59600019e+00 +1.945496e-07 +2.949508e-08
 +6.599999999999999645e+00 +6.59999990e+00 -9.536743e-08 -1.444961e-08
 +6.604000000000000092e+00 +6.60400009e+00 +9.155273e-08 +1.386322e-08
 +6.608000000000000540e+00 +6.60799980e+00 -1.983643e-07 -3.001880e-08
 +6.612000000000000099e+00 +6.61199999e+00 -1.144409e-08 -1.730806e-09
 +6.615999999999999659e+00 +6.61600018e+00 +1.754761e-07 +2.652299e-08
 +6.620000000000000107e+00 +6.61999989e+00 -1.144409e-07 -1.728715e-08
 +6.624000000000000554e+00 +6.62400007e+00 +7.247925e-08 +1.094192e-08
 +6.628000000000000114e+00 +6.62799978e+00 -2.174377e-07 -3.280594e-08
 +6.631999999999999673e+00 +6.63199997e+00 -3.051758e-08 -4.601565e-09
 +6.636000000000000121e+00 +6.63600016e+00 +1.564026e-07 +2.356880e-08
 +6.640000000000000568e+00 +6.63999987e+00 -1.335144e-07 -2.010759e-08
 +6.644000000000000128e+00 +6.64400005e+00 +5.340576e-08 +8.038194e-09
 +6.647999999999999687e+00 +6.64799976e+00 -2.365112e-07 -3.557630e-08
 +6.652000000000000135e+00 +6.65199995e+00 -4.959106e-08 -7.455061e-09
 +6.656000000000000583e+00 +6.65600014e+00 +1.373291e-07 +2.063238e-08
 +6.660000000000000142e+00 +6.65999985e+00 -1.525879e-07 -2.291109e-08
 +6.663999999999999702e+00 +6.66400003e+00 +3.433228e-08 +5.151902e-09
 +6.668000000000000149e+00 +6.66800022e+00 +2.212524e-07 +3.318123e-08
 +6.672000000000000597e+00 +6.67199993e+00 -6.866455e-08 -1.029145e-08
 +6.676000000000000156e+00 +6.67600012e+00 +1.182556e-07 +1.771354e-08
 +6.679999999999999716e+00 +6.67999983e+00 -1.716614e-07 -2.569781e-08
 +6.684000000000000163e+00 +6.68400002e+00 +1.525879e-08 +2.282883e-09
 +6.688000000000000611e+00 +6.68800020e+00 +2.021790e-07 +3.023011e-08
 +6.692000000000000171e+00 +6.69199991e+00 -8.773804e-08 -1.311088e-08
 +6.695999999999999730e+00 +6.69600010e+00 +9.918213e-08 +1.481215e-08
 +6.700000000000000178e+00 +6.69999981e+00 -1.907349e-07 -2.846789e-08
 +6.704000000000000625e+00 +6.70400000e+00 -3.814698e-09 -5.690182e-10
 +6.708000000000000185e+00 +6.70800018e+00 +1.831055e-07 +2.729658e-08
 +6.711999999999999744e+00 +6.71199989e+00 -1.068115e-07 -1.591352e-08
 +6.716000000000000192e+00 +6.71600008e+00 +8.010864e-08 +1.192803e-08
 +6.720000000000000639e+00 +6.71999979e+00 -2.098084e-07 -3.122148e-08
 +6.724000000000000199e+00 +6.72399998e+00 -2.288818e-08 -3.403954e-09
 +6.727999999999999758e+00 +6.72800016e+00 +1.640320e-07 +2.438050e-08
 +6.732000000000000206e+00 +6.73199987e+00 -1.258850e-07 -1.869950e-08
 +6.736000000000000654e+00 +6.73600006e+00 +6.103516e-08 +9.061039e-09
 +6.740000000000000213e+00 +6.73999977e+00 -2.288818e-07 -3.395873e-08
 +6.743999999999999773e+00 +6.74399996e+00 -4.196167e-08 -6.222074e-09
 +6.748000000000000220e+00 +6.74800014e+00 +1.449585e-07 +2.148170e-08
 +6.752000000000000668e+00 +6.75199986e+00 -1.449585e-07 -2.146897e-08
 +6.756000000000000227e+00 +6.75600004e+00 +4.196167e-08 +6.211023e-09
 +6.759999999999999787e+00 +6.76000023e+00 +2.288818e-07 +3.385826e-08
 +6.764000000000000234e+00 +6.76399994e+00 -6.103516e-08 -9.023530e-09
 +6.768000000000000682e+00 +6.76800013e+00 +1.258850e-07 +1.860003e-08
 +6.772000000000000242e+00 +6.77199984e+00 -1.640320e-07 -2.422209e-08
 +6.775999999999999801e+00 +6.77600002e+00 +2.288818e-08 +3.377831e-09
 +6.780000000000000249e+00 +6.78000021e+00 +2.098083e-07 +3.094518e-08
 +6.784000000000000696e+00 +6.78399992e+00 -8.010864e-08 -1.180847e-08
 +6.788000000000000256e+00 +6.78800011e+00 +1.068115e-07 +1.573535e-08
 +6.791999999999999815e+00 +6.79199982e+00 -1.831055e-07 -2.695899e-08
 +6.796000000000000263e+00 +6.79600000e+00 +3.814697e-09 +5.613150e-10
 +6.800000000000000711e+00 +6.80000019e+00 +1.907349e-07 +2.804924e-08
 +6.804000000000000270e+00 +6.80399990e+00 -9.918213e-08 -1.457703e-08
 +6.807999999999999829e+00 +6.80800009e+00 +8.773804e-08 +1.288749e-08
 +6.812000000000000277e+00 +6.81199980e+00 -2.021790e-07 -2.967982e-08
 +6.815999999999999837e+00 +6.81599998e+00 -1.525879e-08 -2.238672e-09
 +6.820000000000000284e+00 +6.82000017e+00 +1.716614e-07 +2.517029e-08
 +6.823999999999999844e+00 +6.82399988e+00 -1.182556e-07 -1.732937e-08
 +6.827999999999999403e+00 +6.82800007e+00 +6.866455e-08 +1.005632e-08
 +6.831999999999999851e+00 +6.83199978e+00 -2.212524e-07 -3.238473e-08
 +6.836000000000000298e+00 +6.83599997e+00 -3.433228e-08 -5.022276e-09
 +6.839999999999999858e+00 +6.84000015e+00 +1.525879e-07 +2.230817e-08
 +6.843999999999999417e+00 +6.84399986e+00 -1.373291e-07 -2.006562e-08
 +6.847999999999999865e+00 +6.84800005e+00 +4.959106e-08 +7.241686e-09
 +6.852000000000000313e+00 +6.85200024e+00 +2.365112e-07 +3.451711e-08
 +6.855999999999999872e+00 +6.85599995e+00 -5.340576e-08 -7.789639e-09
 +6.859999999999999432e+00 +6.86000013e+00 +1.335144e-07 +1.946274e-08
 +6.863999999999999879e+00 +6.86399984e+00 -1.564026e-07 -2.278592e-08
 +6.868000000000000327e+00 +6.86800003e+00 +3.051758e-08 +4.443445e-09
 +6.871999999999999886e+00 +6.87200022e+00 +2.174377e-07 +3.164112e-08
 +6.875999999999999446e+00 +6.87599993e+00 -7.247925e-08 -1.054090e-08
 +6.879999999999999893e+00 +6.88000011e+00 +1.144409e-07 +1.663385e-08
 +6.884000000000000341e+00 +6.88399982e+00 -1.754761e-07 -2.549042e-08
 +6.887999999999999901e+00 +6.88800001e+00 +1.144409e-08 +1.661454e-09
 +6.891999999999999460e+00 +6.89200020e+00 +1.983643e-07 +2.878181e-08
 +6.895999999999999908e+00 +6.89599991e+00 -9.155273e-08 -1.327621e-08
 +6.900000000000000355e+00 +6.90000010e+00 +9.536743e-08 +1.382137e-08
 +6.903999999999999915e+00 +6.90399981e+00 -1.945496e-07 -2.817925e-08
 +6.907999999999999474e+00 +6.90799999e+00 -7.629394e-09 -1.104429e-09
 +6.911999999999999922e+00 +6.91200018e+00 +1.792908e-07 +2.593906e-08
 +6.916000000000000369e+00 +6.91599989e+00 -1.106262e-07 -1.599569e-08
 +6.919999999999999929e+00 +6.92000008e+00 +7.629395e-08 +1.102514e-08
 +6.923999999999999488e+00 +6.92399979e+00 -2.136230e-07 -3.085255e-08
 +6.927999999999999936e+00 +6.92799997e+00 -2.670288e-08 -3.854342e-09
 +6.932000000000000384e+00 +6.93200016e+00 +1.602173e-07 +2.311271e-08
 +6.935999999999999943e+00 +6.93599987e+00 -1.296997e-07 -1.869950e-08
 +6.939999999999999503e+00 +6.94000006e+00 +5.722046e-08 +8.245023e-09
 +6.943999999999999950e+00 +6.94399977e+00 -2.326965e-07 -3.351045e-08
 +6.948000000000000398e+00 +6.94799995e+00 -4.577637e-08 -6.588424e-09
 +6.951999999999999957e+00 +6.95200014e+00 +1.411438e-07 +2.030262e-08
 +6.955999999999999517e+00 +6.95599985e+00 -1.487732e-07 -2.138775e-08
 +6.959999999999999964e+00 +6.96000004e+00 +3.814697e-08 +5.480887e-09
 +6.964000000000000412e+00 +6.96400023e+00 +2.250671e-07 +3.231866e-08
 +6.967999999999999972e+00 +6.96799994e+00 -6.484985e-08 -9.306810e-09
 +6.971999999999999531e+00 +6.97200012e+00 +1.220703e-07 +1.750865e-08
 +6.975999999999999979e+00 +6.97599983e+00 -1.678467e-07 -2.406059e-08
 +6.980000000000000426e+00 +6.98000002e+00 +1.907349e-08 +2.732591e-09
 +6.983999999999999986e+00 +6.98400021e+00 +2.059937e-07 +2.949508e-08
 +6.987999999999999545e+00 +6.98799992e+00 -8.392334e-08 -1.200964e-08
 +6.991999999999999993e+00 +6.99200010e+00 +1.029968e-07 +1.473067e-08
 +6.996000000000000441e+00 +6.99599981e+00 -1.869202e-07 -2.671815e-08
 +7.000000000000000000e+00 +7.00000000e+00 +0.000000e+00 +0.000000e+00
 +7.003999999999999559e+00 +7.00400019e+00 +1.869202e-07 +2.668763e-08
 +7.008000000000000007e+00 +7.00799990e+00 -1.029968e-07 -1.469704e-08
 +7.012000000000000455e+00 +7.01200008e+00 +8.392334e-08 +1.196853e-08
 +7.016000000000000014e+00 +7.01599979e+00 -2.059937e-07 -2.936055e-08
 +7.019999999999999574e+00 +7.01999998e+00 -1.907349e-08 -2.717021e-09
 +7.024000000000000021e+00 +7.02400017e+00 +1.678467e-07 +2.389617e-08
 +7.028000000000000469e+00 +7.02799988e+00 -1.220703e-07 -1.736914e-08
 +7.032000000000000028e+00 +7.03200006e+00 +6.484985e-08 +9.222107e-09
 +7.035999999999999588e+00 +7.03599977e+00 -2.250671e-07 -3.198794e-08
 +7.040000000000000036e+00 +7.03999996e+00 -3.814697e-08 -5.418604e-09
 +7.044000000000000483e+00 +7.04400015e+00 +1.487732e-07 +2.112056e-08
 +7.048000000000000043e+00 +7.04799986e+00 -1.411438e-07 -2.002608e-08
 +7.051999999999999602e+00 +7.05200005e+00 +4.577637e-08 +6.491260e-09
 +7.056000000000000050e+00 +7.05600023e+00 +2.326965e-07 +3.297853e-08
 +7.060000000000000497e+00 +7.05999994e+00 -5.722046e-08 -8.104881e-09
 +7.064000000000000057e+00 +7.06400013e+00 +1.296997e-07 +1.836066e-08
 +7.067999999999999616e+00 +7.06799984e+00 -1.602173e-07 -2.266798e-08
 +7.072000000000000064e+00 +7.07200003e+00 +2.670288e-08 +3.775860e-09
 +7.076000000000000512e+00 +7.07600021e+00 +2.136230e-07 +3.018980e-08
 +7.080000000000000071e+00 +7.07999992e+00 -7.629395e-08 -1.077598e-08
 +7.083999999999999631e+00 +7.08400011e+00 +1.106262e-07 +1.561635e-08
 +7.088000000000000078e+00 +7.08799982e+00 -1.792908e-07 -2.529497e-08
 +7.092000000000000526e+00 +7.09200001e+00 +7.629394e-09 +1.075775e-09
 +7.096000000000000085e+00 +7.09600019e+00 +1.945496e-07 +2.741679e-08
 +7.099999999999999645e+00 +7.09999990e+00 -9.536743e-08 -1.343203e-08
 +7.104000000000000092e+00 +7.10400009e+00 +9.155273e-08 +1.288749e-08
 +7.108000000000000540e+00 +7.10799980e+00 -1.983643e-07 -2.790718e-08
 +7.112000000000000099e+00 +7.11199999e+00 -1.144409e-08 -1.609124e-09
 +7.115999999999999659e+00 +7.11600018e+00 +1.754761e-07 +2.465937e-08
 +7.120000000000000107e+00 +7.11999989e+00 -1.144409e-07 -1.607316e-08
 +7.124000000000000554e+00 +7.12400007e+00 +7.247925e-08 +1.017395e-08
 +7.128000000000000114e+00 +7.12799978e+00 -2.174377e-07 -3.050473e-08
 +7.131999999999999673e+00 +7.13199997e+00 -3.051758e-08 -4.278965e-09
 +7.136000000000000121e+00 +7.13600016e+00 +1.564026e-07 +2.191740e-08
 +7.140000000000000568e+00 +7.13999987e+00 -1.335144e-07 -1.869950e-08
 +7.144000000000000128e+00 +7.14400005e+00 +5.340576e-08 +7.475611e-09
 +7.147999999999999687e+00 +7.14799976e+00 -2.365112e-07 -3.308775e-08
 +7.152000000000000135e+00 +7.15199995e+00 -4.959106e-08 -6.933874e-09
 +7.156000000000000583e+00 +7.15600014e+00 +1.373291e-07 +1.919076e-08
 +7.160000000000000142e+00 +7.15999985e+00 -1.525879e-07 -2.131116e-08
 +7.163999999999999702e+00 +7.16400003e+00 +3.433228e-08 +4.792333e-09
 +7.168000000000000149e+00 +7.16800022e+00 +2.212524e-07 +3.086669e-08
 +7.172000000000000597e+00 +7.17199993e+00 -6.866455e-08 -9.573975e-09
 +7.176000000000000156e+00 +7.17600012e+00 +1.182556e-07 +1.647932e-08
 +7.179999999999999716e+00 +7.17999983e+00 -1.716614e-07 -2.390827e-08
 +7.184000000000000163e+00 +7.18400002e+00 +1.525879e-08 +2.123996e-09
 +7.188000000000000611e+00 +7.18800020e+00 +2.021790e-07 +2.812729e-08
 +7.192000000000000171e+00 +7.19199991e+00 -8.773804e-08 -1.219939e-08
 +7.195999999999999730e+00 +7.19600010e+00 +9.918213e-08 +1.378295e-08
 +7.200000000000000178e+00 +7.19999981e+00 -1.907349e-07 -2.649095e-08
 +7.204000000000000625e+00 +7.20400000e+00 -3.814698e-09 -5.295250e-10
 +7.208000000000000185e+00 +7.20800018e+00 +1.831055e-07 +2.540309e-08
 +7.211999999999999744e+00 +7.21199989e+00 -1.068115e-07 -1.481025e-08
 +7.216000000000000192e+00 +7.21600008e+00 +8.010864e-08 +1.110153e-08
 +7.220000000000000639e+00 +7.21999979e+00 -2.098084e-07 -2.905933e-08
 +7.224000000000000199e+00 +7.22399998e+00 -2.288818e-08 -3.168353e-09
 +7.227999999999999758e+00 +7.22800016e+00 +1.640320e-07 +2.269397e-08
 +7.232000000000000206e+00 +7.23199987e+00 -1.258850e-07 -1.740667e-08
 +7.236000000000000654e+00 +7.23600006e+00 +6.103516e-08 +8.434930e-09
 +7.240000000000000213e+00 +7.23999977e+00 -2.288818e-07 -3.161351e-08
 +7.243999999999999773e+00 +7.24399996e+00 -4.196167e-08 -5.792610e-09
 +7.248000000000000220e+00 +7.24800014e+00 +1.449585e-07 +1.999979e-08
 +7.252000000000000668e+00 +7.25199986e+00 -1.449585e-07 -1.998876e-08
 +7.256000000000000227e+00 +7.25600004e+00 +4.196167e-08 +5.783031e-09
 +7.259999999999999787e+00 +7.26000023e+00 +2.288818e-07 +3.152642e-08
 +7.264000000000000234e+00 +7.26399994e+00 -6.103516e-08 -8.402417e-09
 +7.268000000000000682e+00 +7.26800013e+00 +1.258850e-07 +1.732045e-08
 +7.272000000000000242e+00 +7.27199984e+00 -1.640320e-07 -2.255665e-08
 +7.275999999999999801e+00 +7.27600002e+00 +2.288818e-08 +3.145710e-09
 +7.280000000000000249e+00 +7.28000021e+00 +2.098083e-07 +2.881983e-08
 +7.284000000000000696e+00 +7.28399992e+00 -8.010864e-08 -1.099789e-08
 +7.288000000000000256e+00 +7.28800011e+00 +1.068115e-07 +1.465581e-08
 +7.291999999999999815e+00 +7.29199982e+00 -1.831055e-07 -2.511046e-08
 +7.296000000000000263e+00 +7.29600000e+00 +3.814697e-09 +5.228477e-10
 +7.300000000000000711e+00 +7.30000019e+00 +1.907349e-07 +2.612806e-08
 +7.304000000000000270e+00 +7.30399990e+00 -9.918213e-08 -1.357915e-08
 +7.307999999999999829e+00 +7.30800009e+00 +8.773804e-08 +1.200575e-08
 +7.312000000000000277e+00 +7.31199980e+00 -2.021790e-07 -2.765029e-08
 +7.316000000000000725e+00 +7.31599998e+00 -1.525879e-08 -2.085674e-09
 +7.320000000000000284e+00 +7.32000017e+00 +1.716614e-07 +2.345101e-08
 +7.323999999999999844e+00 +7.32399988e+00 -1.182556e-07 -1.614632e-08
 +7.328000000000000291e+00 +7.32800007e+00 +6.866455e-08 +9.370162e-09
 +7.331999999999999851e+00 +7.33199978e+00 -2.212524e-07 -3.017627e-08
 +7.336000000000000298e+00 +7.33599997e+00 -3.433228e-08 -4.679972e-09
 +7.339999999999999858e+00 +7.34000015e+00 +1.525879e-07 +2.078854e-08
 +7.343999999999999417e+00 +7.34399986e+00 -1.373291e-07 -1.869950e-08
 +7.347999999999999865e+00 +7.34800005e+00 +4.959106e-08 +6.748920e-09
 +7.352000000000000313e+00 +7.35200024e+00 +2.365112e-07 +3.216965e-08
 +7.355999999999999872e+00 +7.35599995e+00 -5.340576e-08 -7.260163e-09
 +7.359999999999999432e+00 +7.36000013e+00 +1.335144e-07 +1.814054e-08
 +7.363999999999999879e+00 +7.36399984e+00 -1.564026e-07 -2.123881e-08
 +7.368000000000000327e+00 +7.36800003e+00 +3.051758e-08 +4.141908e-09
 +7.371999999999999886e+00 +7.37200022e+00 +2.174377e-07 +2.949508e-08
 +7.375999999999999446e+00 +7.37599993e+00 -7.247925e-08 -9.826362e-09
 +7.379999999999999893e+00 +7.38000011e+00 +1.144409e-07 +1.550690e-08
 +7.384000000000000341e+00 +7.38399982e+00 -1.754761e-07 -2.376437e-08
 +7.387999999999999901e+00 +7.38800001e+00 +1.144409e-08 +1.549011e-09
 +7.391999999999999460e+00 +7.39200020e+00 +1.983643e-07 +2.683499e-08
 +7.395999999999999908e+00 +7.39599991e+00 -9.155273e-08 -1.237868e-08
 +7.400000000000000355e+00 +7.40000010e+00 +9.536743e-08 +1.288749e-08
 +7.403999999999999915e+00 +7.40399981e+00 -1.945496e-07 -2.627628e-08
 +7.407999999999999474e+00 +7.40799999e+00 -7.629394e-09 -1.029886e-09
 +7.411999999999999922e+00 +7.41200018e+00 +1.792908e-07 +2.418926e-08
 +7.416000000000000369e+00 +7.41599989e+00 -1.106262e-07 -1.491724e-08
 +7.419999999999999929e+00 +7.42000008e+00 +7.629395e-08 +1.028220e-08
 +7.423999999999999488e+00 +7.42399979e+00 -2.136230e-07 -2.877466e-08
 +7.427999999999999936e+00 +7.42799997e+00 -2.670288e-08 -3.594895e-09
 +7.432000000000000384e+00 +7.43200016e+00 +1.602173e-07 +2.155776e-08
 +7.435999999999999943e+00 +7.43599987e+00 -1.296997e-07 -1.744213e-08
 +7.439999999999999503e+00 +7.44000006e+00 +5.722046e-08 +7.690922e-09
 +7.443999999999999950e+00 +7.44399977e+00 -2.326965e-07 -3.125961e-08
 +7.448000000000000398e+00 +7.44799995e+00 -4.577637e-08 -6.146129e-09
 +7.451999999999999957e+00 +7.45200014e+00 +1.411438e-07 +1.894039e-08
 +7.455999999999999517e+00 +7.45599985e+00 -1.487732e-07 -1.995349e-08
 +7.459999999999999964e+00 +7.46000004e+00 +3.814697e-08 +5.113535e-09
 +7.464000000000000412e+00 +7.46400023e+00 +2.250671e-07 +3.015369e-08
 +7.467999999999999972e+00 +7.46799994e+00 -6.484985e-08 -8.683698e-09
 +7.471999999999999531e+00 +7.47200012e+00 +1.220703e-07 +1.633703e-08
 +7.475999999999999979e+00 +7.47599983e+00 -1.678467e-07 -2.245140e-08
 +7.480000000000000426e+00 +7.48000002e+00 +1.907349e-08 +2.549931e-09
 +7.483999999999999986e+00 +7.48400021e+00 +2.059937e-07 +2.752454e-08
 +7.487999999999999545e+00 +7.48799992e+00 -8.392334e-08 -1.120771e-08
 +7.491999999999999993e+00 +7.49200010e+00 +1.029968e-07 +1.374757e-08
 +7.496000000000000441e+00 +7.49599981e+00 -1.869202e-07 -2.493599e-08
 +7.500000000000000000e+00 +7.50000000e+00 +0.000000e+00 +0.000000e+00
 +7.503999999999999559e+00 +7.50400019e+00 +1.869202e-07 +2.490940e-08
 +7.508000000000000007e+00 +7.50799990e+00 -1.029968e-07 -1.371828e-08
 +7.512000000000000455e+00 +7.51200008e+00 +8.392334e-08 +1.117190e-08
 +7.516000000000000014e+00 +7.51599979e+00 -2.059937e-07 -2.740735e-08
 +7.519999999999999574e+00 +7.51999998e+00 -1.907349e-08 -2.536368e-09
 +7.524000000000000021e+00 +7.52400017e+00 +1.678467e-07 +2.230817e-08
 +7.528000000000000469e+00 +7.52799988e+00 -1.220703e-07 -1.621550e-08
 +7.532000000000000028e+00 +7.53200006e+00 +6.484985e-08 +8.609912e-09
 +7.535999999999999588e+00 +7.53599977e+00 -2.250671e-07 -2.986560e-08
 +7.540000000000000036e+00 +7.53999996e+00 -3.814697e-08 -5.059280e-09
 +7.544000000000000483e+00 +7.54400015e+00 +1.487732e-07 +1.972073e-08
 +7.548000000000000043e+00 +7.54799986e+00 -1.411438e-07 -1.869950e-08
 +7.551999999999999602e+00 +7.55200005e+00 +4.577637e-08 +6.061489e-09
 +7.556000000000000050e+00 +7.55600023e+00 +2.326965e-07 +3.079626e-08
 +7.560000000000000497e+00 +7.55999994e+00 -5.722046e-08 -7.568844e-09
 +7.564000000000000057e+00 +7.56400013e+00 +1.296997e-07 +1.714697e-08
 +7.567999999999999616e+00 +7.56799984e+00 -1.602173e-07 -2.117036e-08
 +7.572000000000000064e+00 +7.57200003e+00 +2.670288e-08 +3.526529e-09
 +7.576000000000000512e+00 +7.57600021e+00 +2.136230e-07 +2.819734e-08
 +7.580000000000000071e+00 +7.57999992e+00 -7.629395e-08 -1.006516e-08
 +7.583999999999999631e+00 +7.58400011e+00 +1.106262e-07 +1.458679e-08
 +7.588000000000000078e+00 +7.58799982e+00 -1.792908e-07 -2.362820e-08
 +7.592000000000000526e+00 +7.59200001e+00 +7.629394e-09 +1.004925e-09
 +7.596000000000000085e+00 +7.59600019e+00 +1.945496e-07 +2.561211e-08
 +7.599999999999999645e+00 +7.59999990e+00 -9.536743e-08 -1.254835e-08
 +7.604000000000000092e+00 +7.60400009e+00 +9.155273e-08 +1.204008e-08
 +7.608000000000000540e+00 +7.60799980e+00 -1.983643e-07 -2.607311e-08
 +7.612000000000000099e+00 +7.61199999e+00 -1.144409e-08 -1.503428e-09
 +7.615999999999999659e+00 +7.61600018e+00 +1.754761e-07 +2.304045e-08
 +7.620000000000000107e+00 +7.61999989e+00 -1.144409e-07 -1.501849e-08
 +7.624000000000000554e+00 +7.62400007e+00 +7.247925e-08 +9.506722e-09
 +7.628000000000000114e+00 +7.62799978e+00 -2.174377e-07 -2.850521e-08
 +7.631999999999999673e+00 +7.63199997e+00 -3.051758e-08 -3.998634e-09
 +7.636000000000000121e+00 +7.63600016e+00 +1.564026e-07 +2.048227e-08
 +7.640000000000000568e+00 +7.63999987e+00 -1.335144e-07 -1.747571e-08
 +7.644000000000000128e+00 +7.64400005e+00 +5.340576e-08 +6.986625e-09
 +7.647999999999999687e+00 +7.64799976e+00 -2.365112e-07 -3.092459e-08
 +7.652000000000000135e+00 +7.65199995e+00 -4.959106e-08 -6.480798e-09
 +7.656000000000000583e+00 +7.65600014e+00 +1.373291e-07 +1.793745e-08
 +7.660000000000000142e+00 +7.65999985e+00 -1.525879e-07 -1.992009e-08
 +7.663999999999999702e+00 +7.66400003e+00 +3.433228e-08 +4.479681e-09
 +7.668000000000000149e+00 +7.66800022e+00 +2.212524e-07 +2.885400e-08
 +7.672000000000000597e+00 +7.67199993e+00 -6.866455e-08 -8.950020e-09
 +7.676000000000000156e+00 +7.67600012e+00 +1.182556e-07 +1.540589e-08
 +7.679999999999999716e+00 +7.67999983e+00 -1.716614e-07 -2.235174e-08
 +7.684000000000000163e+00 +7.68400002e+00 +1.525879e-08 +1.985787e-09
 +7.688000000000000611e+00 +7.68800020e+00 +2.021790e-07 +2.629799e-08
 +7.692000000000000171e+00 +7.69199991e+00 -8.773804e-08 -1.140640e-08
 +7.695999999999999730e+00 +7.69600010e+00 +9.918213e-08 +1.288749e-08
 +7.700000000000000178e+00 +7.69999981e+00 -1.907349e-07 -2.477076e-08
 +7.704000000000000625e+00 +7.70400000e+00 -3.814698e-09 -4.951581e-10
 +7.708000000000000185e+00 +7.70800018e+00 +1.831055e-07 +2.375525e-08
 +7.711999999999999744e+00 +7.71199989e+00 -1.068115e-07 -1.385004e-08
 +7.716000000000000192e+00 +7.71600008e+00 +8.010864e-08 +1.038215e-08
 +7.720000000000000639e+00 +7.71999979e+00 -2.098084e-07 -2.717725e-08
 +7.724000000000000199e+00 +7.72399998e+00 -2.288818e-08 -2.963255e-09
 +7.727999999999999758e+00 +7.72800016e+00 +1.640320e-07 +2.122567e-08
 +7.732000000000000206e+00 +7.73199987e+00 -1.258850e-07 -1.628104e-08
 +7.736000000000000654e+00 +7.73600006e+00 +6.103516e-08 +7.889756e-09
 +7.740000000000000213e+00 +7.73999977e+00 -2.288818e-07 -2.957130e-08
 +7.743999999999999773e+00 +7.74399996e+00 -4.196167e-08 -5.418604e-09
 +7.748000000000000220e+00 +7.74800014e+00 +1.449585e-07 +1.870915e-08
 +7.752000000000000668e+00 +7.75199986e+00 -1.449585e-07 -1.869950e-08
 +7.756000000000000227e+00 +7.75600004e+00 +4.196167e-08 +5.410220e-09
 +7.759999999999999787e+00 +7.76000023e+00 +2.288818e-07 +2.949508e-08
 +7.764000000000000234e+00 +7.76399994e+00 -6.103516e-08 -7.861303e-09
 +7.768000000000000682e+00 +7.76800013e+00 +1.258850e-07 +1.620559e-08
 +7.772000000000000242e+00 +7.77199984e+00 -1.640320e-07 -2.110550e-08
 +7.775999999999999801e+00 +7.77600002e+00 +2.288818e-08 +2.943439e-09
 +7.780000000000000249e+00 +7.78000021e+00 +2.098083e-07 +2.696765e-08
 +7.784000000000000696e+00 +7.78399992e+00 -8.010864e-08 -1.029145e-08
 +7.788000000000000256e+00 +7.78800011e+00 +1.068115e-07 +1.371488e-08
 +7.791999999999999815e+00 +7.79199982e+00 -1.831055e-07 -2.349916e-08
 +7.796000000000000263e+00 +7.79600000e+00 +3.814697e-09 +4.893146e-10
 +7.800000000000000711e+00 +7.80000019e+00 +1.907349e-07 +2.445319e-08
 +7.804000000000000270e+00 +7.80399990e+00 -9.918213e-08 -1.270914e-08
 +7.807999999999999829e+00 +7.80800009e+00 +8.773804e-08 +1.123694e-08
 +7.812000000000000277e+00 +7.81199980e+00 -2.021790e-07 -2.588056e-08
 +7.816000000000000725e+00 +7.81599998e+00 -1.525879e-08 -1.952250e-09
 +7.820000000000000284e+00 +7.82000017e+00 +1.716614e-07 +2.195158e-08
 +7.823999999999999844e+00 +7.82399988e+00 -1.182556e-07 -1.511447e-08
 +7.828000000000000291e+00 +7.82800007e+00 +6.866455e-08 +8.771659e-09
 +7.832000000000000739e+00 +7.83199978e+00 -2.212524e-07 -2.824980e-08
 +7.836000000000000298e+00 +7.83599997e+00 -3.433228e-08 -4.381352e-09
 +7.839999999999999858e+00 +7.84000015e+00 +1.525879e-07 +1.946274e-08
 +7.843999999999999417e+00 +7.84399986e+00 -1.373291e-07 -1.750753e-08
 +7.847999999999999865e+00 +7.84800005e+00 +4.959106e-08 +6.318943e-09
 +7.852000000000000313e+00 +7.85200024e+00 +2.365112e-07 +3.012114e-08
 +7.855999999999999872e+00 +7.85599995e+00 -5.340576e-08 -6.798086e-09
 +7.859999999999999432e+00 +7.86000013e+00 +1.335144e-07 +1.698657e-08
 +7.863999999999999879e+00 +7.86399984e+00 -1.564026e-07 -1.988843e-08
 +7.868000000000000327e+00 +7.86800003e+00 +3.051758e-08 +3.878696e-09
 +7.871999999999999886e+00 +7.87200022e+00 +2.174377e-07 +2.762166e-08
 +7.875999999999999446e+00 +7.87599993e+00 -7.247925e-08 -9.202545e-09
 +7.879999999999999893e+00 +7.88000011e+00 +1.144409e-07 +1.452296e-08
 +7.884000000000000341e+00 +7.88399982e+00 -1.754761e-07 -2.225724e-08
 +7.887999999999999901e+00 +7.88800001e+00 +1.144409e-08 +1.450823e-09
 +7.891999999999999460e+00 +7.89200020e+00 +1.983643e-07 +2.513485e-08
 +7.895999999999999908e+00 +7.89599991e+00 -9.155273e-08 -1.159482e-08
 +7.900000000000000355e+00 +7.90000010e+00 +9.536743e-08 +1.207183e-08
 +7.903999999999999915e+00 +7.90399981e+00 -1.945496e-07 -2.461406e-08
 +7.907999999999999474e+00 +7.90799999e+00 -7.629394e-09 -9.647691e-10
 +7.911999999999999922e+00 +7.91200018e+00 +1.792908e-07 +2.266061e-08
 +7.916000000000000369e+00 +7.91599989e+00 -1.106262e-07 -1.397502e-08
 +7.919999999999999929e+00 +7.92000008e+00 +7.629395e-08 +9.633074e-09
 +7.923999999999999488e+00 +7.92399979e+00 -2.136230e-07 -2.695899e-08
 +7.927999999999999936e+00 +7.92799997e+00 -2.670288e-08 -3.368174e-09
 +7.932000000000000384e+00 +7.93200016e+00 +1.602173e-07 +2.019885e-08
 +7.935999999999999943e+00 +7.93599987e+00 -1.296997e-07 -1.634321e-08
 +7.939999999999999503e+00 +7.94000006e+00 +5.722046e-08 +7.206607e-09
 +7.943999999999999950e+00 +7.94399977e+00 -2.326965e-07 -2.929211e-08
 +7.948000000000000398e+00 +7.94799995e+00 -4.577637e-08 -5.759483e-09
 +7.951999999999999957e+00 +7.95200014e+00 +1.411438e-07 +1.774947e-08
 +7.955999999999999517e+00 +7.95599985e+00 -1.487732e-07 -1.869950e-08
 +7.959999999999999964e+00 +7.96000004e+00 +3.814697e-08 +4.792333e-09
 +7.964000000000000412e+00 +7.96400023e+00 +2.250671e-07 +2.826056e-08
 +7.967999999999999972e+00 +7.96799994e+00 -6.484985e-08 -8.138787e-09
 +7.971999999999999531e+00 +7.97200012e+00 +1.220703e-07 +1.531238e-08
 +7.975999999999999979e+00 +7.97599983e+00 -1.678467e-07 -2.104397e-08
 +7.980000000000000426e+00 +7.98000002e+00 +1.907349e-08 +2.390161e-09
 +7.983999999999999986e+00 +7.98400021e+00 +2.059937e-07 +2.580081e-08
 +7.987999999999999545e+00 +7.98799992e+00 -8.392334e-08 -1.050618e-08
 +7.991999999999999993e+00 +7.99200010e+00 +1.029968e-07 +1.288749e-08
 +7.996000000000000441e+00 +7.99599981e+00 -1.869202e-07 -2.337671e-08
 +8.000000000000000000e+00 +8.00000000e+00 +0.000000e+00 +0.000000e+00
